\BOOKMARK [1][-]{chapter*.3}{List of Figures}{}% 1
\BOOKMARK [1][-]{chapter*.4}{List of Tables}{}% 2
\BOOKMARK [1][-]{chapter*.5}{List of Abbreviations}{}% 3
\BOOKMARK [0][-]{chapter.1}{Introduction}{}% 4
\BOOKMARK [0][-]{chapter.2}{Classification Algorithms}{}% 5
\BOOKMARK [1][-]{section.2.1}{Time Series Data}{chapter.2}% 6
\BOOKMARK [2][-]{subsection.2.1.1}{Definitions}{section.2.1}% 7
\BOOKMARK [2][-]{subsection.2.1.2}{Nature of Time Series Data}{section.2.1}% 8
\BOOKMARK [1][-]{section.2.2}{Time Series Classification}{chapter.2}% 9
\BOOKMARK [1][-]{section.2.3}{Time Series Classification Algorithms}{chapter.2}% 10
\BOOKMARK [2][-]{subsection.2.3.1}{Whole Time Series Algorithms}{section.2.3}% 11
\BOOKMARK [2][-]{subsection.2.3.2}{Phase Dependent intervals Algorithms}{section.2.3}% 12
\BOOKMARK [2][-]{subsection.2.3.3}{Phase Independent intervals Algorithms}{section.2.3}% 13
\BOOKMARK [2][-]{subsection.2.3.4}{Dictionary Based Algorithms}{section.2.3}% 14
\BOOKMARK [2][-]{subsection.2.3.5}{Deep Learning Algorithms}{section.2.3}% 15
\BOOKMARK [1][-]{section.2.4}{Early Time Series Classification}{chapter.2}% 16
\BOOKMARK [1][-]{section.2.5}{Early Time Series Classification Algorithms}{chapter.2}% 17
\BOOKMARK [2][-]{subsection.2.5.1}{ECTS}{section.2.5}% 18
\BOOKMARK [2][-]{subsection.2.5.2}{Shapelet Based Algorithms}{section.2.5}% 19
\BOOKMARK [2][-]{subsection.2.5.3}{ECDIRE}{section.2.5}% 20
\BOOKMARK [2][-]{subsection.2.5.4}{TEASER}{section.2.5}% 21
\BOOKMARK [0][-]{chapter.3}{Related Work on Comparing Time Series Classification Algorithms}{}% 22
\BOOKMARK [1][-]{section.3.1}{The great time series classification bake off}{chapter.3}% 23
\BOOKMARK [2][-]{subsection.3.1.1}{Inclusion Criteria}{section.3.1}% 24
\BOOKMARK [2][-]{subsection.3.1.2}{Experimental Design}{section.3.1}% 25
\BOOKMARK [1][-]{section.3.2}{Deep learning for time series classification: a review}{chapter.3}% 26
\BOOKMARK [2][-]{subsection.3.2.1}{Inclusion Criteria}{section.3.2}% 27
\BOOKMARK [2][-]{subsection.3.2.2}{Experimental Design}{section.3.2}% 28
\BOOKMARK [1][-]{section.3.3}{The great multivariate time series classification bake off}{chapter.3}% 29
\BOOKMARK [2][-]{subsection.3.3.1}{Inclusion Criteria}{section.3.3}% 30
\BOOKMARK [2][-]{subsection.3.3.2}{Experimental Design}{section.3.3}% 31
\BOOKMARK [1][-]{section.3.4}{Evaluation Criteria}{chapter.3}% 32
\BOOKMARK [0][-]{chapter.4}{Framework for Comparing Time Series Classification Algorithms in Early Classification Context}{}% 33
\BOOKMARK [1][-]{section.4.1}{Early Classification Context}{chapter.4}% 34
\BOOKMARK [1][-]{section.4.2}{Conceptual Design}{chapter.4}% 35
\BOOKMARK [2][-]{subsection.4.2.1}{The Testbed}{section.4.2}% 36
\BOOKMARK [2][-]{subsection.4.2.2}{The Recommender}{section.4.2}% 37
\BOOKMARK [1][-]{section.4.3}{Implementation}{chapter.4}% 38
\BOOKMARK [2][-]{subsection.4.3.1}{Design Protocol}{section.4.3}% 39
\BOOKMARK [2][-]{subsection.4.3.2}{Toolkits}{section.4.3}% 40
\BOOKMARK [2][-]{subsection.4.3.3}{The Testbed Implementation}{section.4.3}% 41
\BOOKMARK [2][-]{subsection.4.3.4}{The Recommender Implementation}{section.4.3}% 42
\BOOKMARK [0][-]{chapter.5}{Data Sets and Experimental Design}{}% 43
\BOOKMARK [1][-]{section.5.1}{UCR/UEA Archives}{chapter.5}% 44
\BOOKMARK [2][-]{subsection.5.1.1}{UCR Archive}{section.5.1}% 45
\BOOKMARK [2][-]{subsection.5.1.2}{UEA Archive}{section.5.1}% 46
\BOOKMARK [2][-]{subsection.5.1.3}{Used Data Sets}{section.5.1}% 47
\BOOKMARK [1][-]{section.5.2}{Experimental Design}{chapter.5}% 48
\BOOKMARK [2][-]{subsection.5.2.1}{The Testbed Experimental Design}{section.5.2}% 49
\BOOKMARK [2][-]{subsection.5.2.2}{The Recommender Experimental Design}{section.5.2}% 50
\BOOKMARK [0][-]{chapter.6}{Results}{}% 51
\BOOKMARK [1][-]{section.6.1}{Testbed Results}{chapter.6}% 52
\BOOKMARK [2][-]{subsection.6.1.1}{Results Across Classifiers}{section.6.1}% 53
\BOOKMARK [2][-]{subsection.6.1.2}{Data Set characteristics and performance in early classification context}{section.6.1}% 54
\BOOKMARK [2][-]{subsection.6.1.3}{Results Within Classifier}{section.6.1}% 55
\BOOKMARK [2][-]{subsection.6.1.4}{Results on Runtime Duration}{section.6.1}% 56
\BOOKMARK [1][-]{section.6.2}{Recommender Results}{chapter.6}% 57
\BOOKMARK [2][-]{subsection.6.2.1}{Are the chunk learners able to learn F-scores for the classifiers ?}{section.6.2}% 58
\BOOKMARK [2][-]{subsection.6.2.2}{Which features contribute the most to the F-Score Prediction ?}{section.6.2}% 59
\BOOKMARK [2][-]{subsection.6.2.3}{Are the final recommendations of the framework consistent with actual results ?}{section.6.2}% 60
\BOOKMARK [0][-]{chapter.7}{Conclusion and Future Work}{}% 61
\BOOKMARK [0][-]{appendix.A}{Appendix - Testbed Results}{}% 62
\BOOKMARK [1][-]{section.A.1}{Results Across Classifiers}{appendix.A}% 63
\BOOKMARK [1][-]{section.A.2}{Data Set characteristics and performance in early classification context}{appendix.A}% 64
\BOOKMARK [1][-]{section.A.3}{Results Within Classifier}{appendix.A}% 65
\BOOKMARK [1][-]{section.A.4}{Results on Runtime Duration}{appendix.A}% 66
\BOOKMARK [0][-]{appendix.B}{Recommender Results}{}% 67
\BOOKMARK [1][-]{section.B.1}{Are the chunk learners able to learn F-scores for the classifiers ?}{appendix.B}% 68
\BOOKMARK [1][-]{section.B.2}{Which features contribute the most to the F-Score Prediction ?}{appendix.B}% 69
\BOOKMARK [1][-]{section.B.3}{Are the final recommendations of the framework consistent with actual results ?}{appendix.B}% 70
