\BOOKMARK [1][-]{chapter*.3}{List of Figures}{}% 1
\BOOKMARK [1][-]{chapter*.4}{List of Tables}{}% 2
\BOOKMARK [1][-]{chapter*.5}{List of Abbreviations}{}% 3
\BOOKMARK [0][-]{chapter.1}{Introduction}{}% 4
\BOOKMARK [0][-]{chapter.2}{Classification Algorithms}{}% 5
\BOOKMARK [1][-]{section.2.1}{Time Series Data}{chapter.2}% 6
\BOOKMARK [2][-]{subsection.2.1.1}{Definitions}{section.2.1}% 7
\BOOKMARK [2][-]{subsection.2.1.2}{Nature of Time Series Data}{section.2.1}% 8
\BOOKMARK [1][-]{section.2.2}{Time Series Classification}{chapter.2}% 9
\BOOKMARK [1][-]{section.2.3}{Time Series Classification Algorithms}{chapter.2}% 10
\BOOKMARK [2][-]{subsection.2.3.1}{Whole Time Series Algorithms}{section.2.3}% 11
\BOOKMARK [2][-]{subsection.2.3.2}{Phase Dependent intervals Algorithms}{section.2.3}% 12
\BOOKMARK [2][-]{subsection.2.3.3}{Phase Independent intervals Algorithms}{section.2.3}% 13
\BOOKMARK [2][-]{subsection.2.3.4}{Dictionary Based Algorithms}{section.2.3}% 14
\BOOKMARK [2][-]{subsection.2.3.5}{Deep Learning Algorithms}{section.2.3}% 15
\BOOKMARK [1][-]{section.2.4}{Early Time Series Classification}{chapter.2}% 16
\BOOKMARK [1][-]{section.2.5}{Early Time Series Classification Algorithms}{chapter.2}% 17
\BOOKMARK [2][-]{subsection.2.5.1}{ECTS}{section.2.5}% 18
\BOOKMARK [2][-]{subsection.2.5.2}{Shapelet Based Algorithms}{section.2.5}% 19
\BOOKMARK [2][-]{subsection.2.5.3}{ECDIRE}{section.2.5}% 20
\BOOKMARK [2][-]{subsection.2.5.4}{TEASER}{section.2.5}% 21
\BOOKMARK [0][-]{chapter.3}{Related Work on Comparing Time Series Classification Algorithms}{}% 22
\BOOKMARK [1][-]{section.3.1}{The great time series classification bake off}{chapter.3}% 23
\BOOKMARK [2][-]{subsection.3.1.1}{Inclusion Criteria}{section.3.1}% 24
\BOOKMARK [2][-]{subsection.3.1.2}{Experimental Design}{section.3.1}% 25
\BOOKMARK [1][-]{section.3.2}{Deep learning for time series classification: a review}{chapter.3}% 26
\BOOKMARK [2][-]{subsection.3.2.1}{Inclusion Criteria}{section.3.2}% 27
\BOOKMARK [2][-]{subsection.3.2.2}{Experimental Design}{section.3.2}% 28
\BOOKMARK [1][-]{section.3.3}{The great multivariate time series classification bake off}{chapter.3}% 29
\BOOKMARK [2][-]{subsection.3.3.1}{Inclusion Criteria}{section.3.3}% 30
\BOOKMARK [2][-]{subsection.3.3.2}{Experimental Design}{section.3.3}% 31
\BOOKMARK [1][-]{section.3.4}{Evaluation Criteria}{chapter.3}% 32
\BOOKMARK [0][-]{chapter.4}{Framework for Comparing Time Series Classification Algorithms in Early Classification Context and Experimental Design}{}% 33
\BOOKMARK [1][-]{section.4.1}{Framework for Comparing Time Series Classification Algorithms in Early Classification Context}{chapter.4}% 34
\BOOKMARK [2][-]{subsection.4.1.1}{Early Classification Context}{section.4.1}% 35
\BOOKMARK [2][-]{subsection.4.1.2}{Structure and Toolkits}{section.4.1}% 36
\BOOKMARK [1][-]{section.4.2}{Experiments}{chapter.4}% 37
\BOOKMARK [2][-]{subsection.4.2.1}{Excluded Classifiers}{section.4.2}% 38
\BOOKMARK [2][-]{subsection.4.2.2}{Included Classifiers and Adjustments}{section.4.2}% 39
\BOOKMARK [2][-]{subsection.4.2.3}{Learning weights for the F-measure}{section.4.2}% 40
\BOOKMARK [0][-]{chapter.5}{Data Sets}{}% 41
\BOOKMARK [1][-]{section.5.1}{UCR/UEA Archives}{chapter.5}% 42
\BOOKMARK [2][-]{subsection.5.1.1}{UCR Archive}{section.5.1}% 43
\BOOKMARK [2][-]{subsection.5.1.2}{UEA Archive}{section.5.1}% 44
\BOOKMARK [2][-]{subsection.5.1.3}{Used Data Sets}{section.5.1}% 45
\BOOKMARK [1][-]{section.5.2}{Karolinska data set}{chapter.5}% 46
\BOOKMARK [0][-]{chapter.6}{Results}{}% 47
\BOOKMARK [1][-]{section.6.1}{Results Across Classifiers}{chapter.6}% 48
\BOOKMARK [1][-]{section.6.2}{Data Set characteristics and performance in early classification context}{chapter.6}% 49
\BOOKMARK [2][-]{subsection.6.2.1}{Length of Series}{section.6.2}% 50
\BOOKMARK [2][-]{subsection.6.2.2}{Training Data Set Size}{section.6.2}% 51
\BOOKMARK [2][-]{subsection.6.2.3}{Type of Problem}{section.6.2}% 52
\BOOKMARK [2][-]{subsection.6.2.4}{Number of classes}{section.6.2}% 53
\BOOKMARK [1][-]{section.6.3}{Results Within Classifier}{chapter.6}% 54
\BOOKMARK [1][-]{section.6.4}{Results on Runtime Duration}{chapter.6}% 55
\BOOKMARK [0][-]{chapter.7}{Findings Discussion}{}% 56
\BOOKMARK [0][-]{chapter.8}{Summary and Outlook}{}% 57
\BOOKMARK [1][-]{section.8.1}{Declaration of Authorship}{chapter.8}% 58
